<?xml version="1.0" encoding="UTF-8"?>
<testsuite xmlns:xsi="http://www.w3.org/2001/XMLSchema-instance" xsi:noNamespaceSchemaLocation="https://maven.apache.org/surefire/maven-surefire-plugin/xsd/surefire-test-report-3.0.xsd" version="3.0" name="com.bite.eurekaserver.EurekaServerApplicationTests" time="5.116" tests="1" errors="0" skipped="0" failures="0">
  <properties>
[...]
</properties>
  <testcase name="contextLoads" classname="com.bite.eurekaserver.EurekaServerApplicationTests" time="0.524">
    <system-out><![CDATA[16:30:11.848 [main] INFO org.springframework.test.context.support.AnnotationConfigContextLoaderUtils -- Could not detect default configuration classes for test class [com.bite.eurekaserver.EurekaServerApplicationTests]: EurekaServerApplicationTests does not declare any static, non-private, non-final, nested classes annotated with @Configuration.
16:30:11.933 [main] INFO org.springframework.boot.test.context.SpringBootTestContextBootstrapper -- Found @SpringBootConfiguration com.bite.eurekaserver.EurekaServerApplication for test class com.bite.eurekaserver.EurekaServerApplicationTests

  .   ____          _            __ _ _
 /\\ / ___'_ __ _ _(_)_ __  __ _ \ \ \ \
( ( )\___ | '_ | '_| | '_ \/ _` | \ \ \ \
 \\/  ___)| |_)| | | | | || (_| |  ) ) ) )
  '  |____| .__|_| |_|_| |_\__, | / / / /
 =========|_|==============|___/=/_/_/_/
 :: Spring Boot ::                (v3.1.6)

2026-08-30T16:30:12.475+08:00  INFO 43600 --- [           main] c.b.e.EurekaServerApplicationTests       : Starting EurekaServerApplicationTests using Java 17.0.20.1 with PID 43600 (started by MouKexin in D:\code\java\spring-cloud-eureka\eureka-server)
2026-08-30T16:30:12.477+08:00  INFO 43600 --- [           main] c.b.e.EurekaServerApplicationTests       : No active profile set, falling back to 1 default profile: "default"
2026-08-30T16:30:13.539+08:00  INFO 43600 --- [           main] o.s.cloud.context.scope.GenericScope     : BeanFactory id=658a9fa3-cab4-34cc-bb80-c31143560392
2026-08-30T16:30:15.249+08:00  WARN 43600 --- [           main] iguration$LoadBalancerCaffeineWarnLogger : Spring Cloud LoadBalancer is currently working with the default cache. While this cache implementation is useful for development and tests, it's recommended to use Caffeine cache in production.You can switch to using Caffeine cache, by adding it and org.springframework.cache.caffeine.CaffeineCacheManager to the classpath.
2026-08-30T16:30:15.656+08:00  INFO 43600 --- [           main] o.s.c.n.eureka.InstanceInfoFactory       : Setting initial instance status as: STARTING
2026-08-30T16:30:15.711+08:00  INFO 43600 --- [           main] com.netflix.discovery.DiscoveryClient    : Initializing Eureka in region us-east-1
2026-08-30T16:30:15.720+08:00  INFO 43600 --- [           main] com.netflix.discovery.DiscoveryClient    : Client configured to neither register nor query for data.
2026-08-30T16:30:15.749+08:00  INFO 43600 --- [           main] com.netflix.discovery.DiscoveryClient    : Discovery Client initialized at timestamp 1788078615746 with initial instances count: 0
2026-08-30T16:30:15.808+08:00  INFO 43600 --- [           main] c.n.eureka.DefaultEurekaServerContext    : Initializing ...
2026-08-30T16:30:15.810+08:00  WARN 43600 --- [           main] c.n.eureka.cluster.PeerEurekaNodes       : The replica size seems to be empty. Check the route 53 DNS Registry
2026-08-30T16:30:15.895+08:00  INFO 43600 --- [           main] c.n.e.registry.AbstractInstanceRegistry  : Finished initializing remote region registries. All known remote regions: []
2026-08-30T16:30:15.895+08:00  INFO 43600 --- [           main] c.n.eureka.DefaultEurekaServerContext    : Initialized
2026-08-30T16:30:16.072+08:00  INFO 43600 --- [           main] o.s.b.a.e.web.EndpointLinksResolver      : Exposing 1 endpoint(s) beneath base path '/actuator'
2026-08-30T16:30:16.175+08:00  INFO 43600 --- [           main] o.s.c.n.e.s.EurekaServiceRegistry        : Registering application EUREKA-SERVER with eureka with status UP
2026-08-30T16:30:16.200+08:00  INFO 43600 --- [           main] c.b.e.EurekaServerApplicationTests       : Started EurekaServerApplicationTests in 4.131 seconds (process running for 5.154)
2026-08-30T16:30:16.211+08:00  INFO 43600 --- [      Thread-10] o.s.c.n.e.server.EurekaServerBootstrap   : isAws returned false
2026-08-30T16:30:16.213+08:00  INFO 43600 --- [      Thread-10] o.s.c.n.e.server.EurekaServerBootstrap   : Initialized server context
2026-08-30T16:30:16.214+08:00  INFO 43600 --- [      Thread-10] c.n.e.r.PeerAwareInstanceRegistryImpl    : Got 1 instances from neighboring DS node
2026-08-30T16:30:16.214+08:00  INFO 43600 --- [      Thread-10] c.n.e.r.PeerAwareInstanceRegistryImpl    : Renew threshold is: 1
2026-08-30T16:30:16.214+08:00  INFO 43600 --- [      Thread-10] c.n.e.r.PeerAwareInstanceRegistryImpl    : Changing status to UP
2026-08-30T16:30:16.230+08:00  INFO 43600 --- [      Thread-10] e.s.EurekaServerInitializerConfiguration : Started Eureka Server
]]></system-out>
  </testcase>
</testsuite>